1,719,731,373,307 /
1719731430594 /
1719733252910 /
1719733290326 /fgdfdfdgd
1719733304702 /?query=111
1719733500375 /?query=111
1719733541992 /?name=%22chandra%22
1719733548601 /?name=%22chandra%22
1719733561491 /?name=%22chandra%22
1719733637759 /about?name=%22chandra%22
1719733648259 /about?name=chandra
1719733655550 /about?name=kalu
1719733664983 /about?name=bhalu
1719734741290 /about?name=bhalu
1719734852365 /about?name=bhalu
1719734881387 /about?name=bhalu
1719734903767 /about?name=bhalu
1719735031550 /about?name=bhalu
1719735074587 /about?name=bhalu
1719735140049 /about?name=bhalu
1719735288868 /about?name=bhalu&serach=hello
1719735376137 /about?name=bhalu&search=hello
1719735400710 /about?name=bhalu&search=hello&status
1719735423754 /about?name=bhalu&search=hello&status=%22active%22
1719735444640 /about?name=bhalu&search=hello&status=active
1719735457041 /about?name=chandra&search=hello&status=active
1719735618451 /about?name=chandra&search=hello&status=active
1719735670922 /search?search_query=hello
1719735685975 /search?search_query=hello
1719735701905 /search?search_query=hello
1719735702068 /search?search_query=hello
1719735702231 /search?search_query=hello
1719735702385 /search?search_query=hello
1719735789785 /search?search_query=hello
1719743433883 /signup
